{"name": "test_delete_booking", "status": "failed", "statusDetails": {"message": "AssertionError", "trace": "self = <tests.test.integration.test_integration_2.Testbookingget object at 0x000002369B38DEB0>\ncreate_booking = 4349, create_token = '94e4ebb69574f0c'\n\n    def test_delete_booking(self, create_booking, create_token):\n        response = delete_request(url=APIconstants.url_patch_put_delete(create_booking),\n                                  headers=Util().put_patch_delete_headers_cookie(create_token),\n                                  auth=None,\n                                  payload=None,\n                                  in_json=False)\n>       verify_delete_booking(response)\n\ntest_integration_2.py:53: \n_ _ _ _ _ _ _ _ _ _ _ _ _ _ _ _ _ _ _ _ _ _ _ _ _ _ _ _ _ _ _ _ _ _ _ _ _ _ _ _\n\nresponse = <Response [400]>\n\n    def verify_delete_booking(response):\n>       assert \"Created\" in response\nE       AssertionError\n\n..\\..\\..\\source\\helpers\\common_verification.py:25: AssertionError"}, "start": 1712496552426, "stop": 1712496553542, "uuid": "5005e07b-9e8e-4a8f-ac2e-c05786674e33", "historyId": "fdc54057031c39726fd78b739477f2e1", "testCaseId": "fdc54057031c39726fd78b739477f2e1", "fullName": "tests.test.integration.test_integration_2.Testbookingget#test_delete_booking", "labels": [{"name": "parentSuite", "value": "tests.test.integration"}, {"name": "suite", "value": "test_integration_2"}, {"name": "subSuite", "value": "Testbookingget"}, {"name": "host", "value": "LAPTOP-G6QKH92C"}, {"name": "thread", "value": "7092-MainThread"}, {"name": "framework", "value": "pytest"}, {"name": "language", "value": "cpython3"}, {"name": "package", "value": "tests.test.integration.test_integration_2"}]}